#
# A fatal error has been detected by the Java Runtime Environment:
#
#  Internal Error (javaClasses.cpp:129), pid=12904, tid=4300
#  fatal error: Invalid layout of preloaded class
#
# JRE version: 7.0_21-b11
# Java VM: Java HotSpot(TM) 64-Bit Server VM (23.21-b01 mixed mode windows-amd64 compressed oops)
# Failed to write core dump. Minidumps are not enabled by default on client versions of Windows
#
# If you would like to submit a bug report, please visit:
#   http://bugreport.sun.com/bugreport/crash.jsp
#

---------------  T H R E A D  ---------------

Current thread (0x00000000023ad800):  JavaThread "Unknown thread" [_thread_in_vm, id=4300, stack(0x0000000002440000,0x0000000002540000)]

Stack: [0x0000000002440000,0x0000000002540000]

---------------  P R O C E S S  ---------------

Java Threads: ( => current thread )

Other Threads:

=>0x00000000023ad800 (exited) JavaThread "Unknown thread" [_thread_in_vm, id=4300, stack(0x0000000002440000,0x0000000002540000)]

VM state:not at safepoint (not fully initialized)

VM Mutex/Monitor currently owned by a thread: None

GC Heap History (0 events):
No events

Deoptimization events (0 events):
No events

Internal exceptions (0 events):
No events

Events (10 events):
Event: 0.034 loading class 0x0000000002592620 done
Event: 0.034 loading class 0x0000000002554580 done
Event: 0.034 loading class 0x00000000025545e0
Event: 0.034 loading class 0x000000000b8335a0
Event: 0.034 loading class 0x000000000b8335a0 done
Event: 0.034 loading class 0x000000000b833b60
Event: 0.034 loading class 0x000000000b833b60 done
Event: 0.034 loading class 0x000000000b832410
Event: 0.034 loading class 0x000000000b832410 done
Event: 0.034 loading class 0x00000000025545e0 done


Dynamic libraries:
0x000007f6facc0000 - 0x000007f6facf3000 	C:\Program Files\Java\jre7\bin\javaw.exe
0x000007fc20ef0000 - 0x000007fc210b0000 	C:\windows\SYSTEM32\ntdll.dll
0x000007fc1e3a0000 - 0x000007fc1e4d6000 	C:\windows\system32\KERNEL32.DLL
0x000007fc1de70000 - 0x000007fc1df63000 	C:\windows\system32\KERNELBASE.dll
0x000007fc20400000 - 0x000007fc204de000 	C:\windows\system32\ADVAPI32.dll
0x000007fc1ff30000 - 0x000007fc2007c000 	C:\windows\system32\USER32.dll
0x000007fc1b160000 - 0x000007fc1b3ca000 	C:\windows\WinSxS\amd64_microsoft.windows.common-controls_6595b64144ccf1df_6.0.9200.16579_none_418ab7ef718b27ef\COMCTL32.dll
0x000007fc20870000 - 0x000007fc20915000 	C:\windows\system32\msvcrt.dll
0x000007fc20d40000 - 0x000007fc20d88000 	C:\windows\SYSTEM32\sechost.dll
0x000007fc20da0000 - 0x000007fc20ee5000 	C:\windows\system32\RPCRT4.dll
0x000007fc204e0000 - 0x000007fc20621000 	C:\windows\system32\GDI32.dll
0x000007fc1fd40000 - 0x000007fc1fd79000 	C:\windows\system32\IMM32.DLL
0x000007fc1fc20000 - 0x000007fc1fd36000 	C:\windows\system32\MSCTF.dll
0x0000000060eb0000 - 0x0000000060f81000 	C:\Program Files\Java\jre7\bin\msvcr100.dll
0x0000000060780000 - 0x0000000060ea1000 	C:\Program Files\Java\jre7\bin\server\jvm.dll
0x000007fc16ab0000 - 0x000007fc16ab9000 	C:\windows\SYSTEM32\WSOCK32.dll
0x000007fc17250000 - 0x000007fc17270000 	C:\windows\SYSTEM32\WINMM.dll
0x000007fc20d30000 - 0x000007fc20d37000 	C:\windows\system32\PSAPI.DLL
0x000007fc1e2e0000 - 0x000007fc1e338000 	C:\windows\system32\WS2_32.dll
0x000007fc17210000 - 0x000007fc17243000 	C:\windows\SYSTEM32\WINMMBASE.dll
0x000007fc1fa50000 - 0x000007fc1fa59000 	C:\windows\system32\NSI.dll
0x000007fc1df70000 - 0x000007fc1dfbf000 	C:\windows\SYSTEM32\cfgmgr32.dll
0x000007fc1e2b0000 - 0x000007fc1e2d2000 	C:\windows\system32\DEVOBJ.dll
0x0000000060770000 - 0x000000006077f000 	C:\Program Files\Java\jre7\bin\verify.dll
0x0000000060740000 - 0x0000000060768000 	C:\Program Files\Java\jre7\bin\java.dll
0x0000000060720000 - 0x0000000060735000 	C:\Program Files\Java\jre7\bin\zip.dll

VM Arguments:
jvm_args: -Dfile.encoding=Cp1252 -Xbootclasspath:C:\adt-bundle-windows-x86_64-20130219\sdk\platforms\android-17\android.jar 
java_command: backend.NurseTest
Launcher Type: SUN_STANDARD

Environment Variables:
PATH=C:\Program Files (x86)\NVIDIA Corporation\PhysX\Common;C:\Program Files (x86)\Intel\iCLS Client\;C:\Program Files\Intel\iCLS Client\;C:\windows\system32;C:\windows;C:\windows\System32\Wbem;C:\windows\System32\WindowsPowerShell\v1.0\;C:\Program Files\Intel\Intel(R) Management Engine Components\DAL;C:\Program Files\Intel\Intel(R) Management Engine Components\IPT;C:\Program Files (x86)\Intel\Intel(R) Management Engine Components\DAL;C:\Program Files (x86)\Intel\Intel(R) Management Engine Components\IPT;C:\Program Files (x86)\Intel\OpenCL SDK\2.0\bin\x86;C:\Program Files (x86)\Intel\OpenCL SDK\2.0\bin\x64;C:\Program Files (x86)\Windows Live\Shared;C:\Program Files\Condusiv Technologies\IntelliMemory\;C:\Program Files (x86)\Git\cmd;C:\Program Files\Intel\WiFi\bin\;C:\Program Files\Common Files\Intel\WirelessCommon\;C:\VXIPNP\WinNT\Bin;C:\Program Files\Intel\WiFi\bin\;C:\Program Files\Common Files\Intel\WirelessCommon\
USERNAME=jack
OS=Windows_NT
PROCESSOR_IDENTIFIER=Intel64 Family 6 Model 58 Stepping 9, GenuineIntel



---------------  S Y S T E M  ---------------

OS: Windows 8 , 64 bit Build 9200 

CPU:total 8 (4 cores per cpu, 2 threads per core) family 6 model 58 stepping 9, cmov, cx8, fxsr, mmx, sse, sse2, sse3, ssse3, sse4.1, sse4.2, popcnt, avx, ht, tsc, tscinvbit, tscinv

Memory: 4k page, physical 8273368k(4464532k free), swap 11025884k(5921372k free)

vm_info: Java HotSpot(TM) 64-Bit Server VM (23.21-b01) for windows-amd64 JRE (1.7.0_21-b11), built on Apr  4 2013 08:11:28 by "java_re" with unknown MS VC++:1600

time: Wed Nov 06 10:15:30 2013
elapsed time: 2 seconds

